----------

Wed Aug 21 2019 15:29:32 GMT-0700 (PDT)

ERROR: Permission to wPrestiUCSC/wPrestiUCSC.github.io.git denied to wpresti.


----------

Wed Aug 21 2019 15:29:32 GMT-0700 (PDT)

fatal: Could not read from remote repository.

Please make sure you have the correct access rights
and the repository exists.


<<<<<<< HEAD
----------

Wed Aug 21 2019 15:46:58 GMT-0700 (PDT)

ERROR: Permission to wPrestiUCSC/wPrestiUCSC.github.io.git denied to wpresti.


----------

Wed Aug 21 2019 15:46:58 GMT-0700 (PDT)

fatal: Could not read from remote repository.

Please make sure you have the correct access rights
and the repository exists.


----------

Wed Aug 21 2019 15:47:35 GMT-0700 (PDT)

ERROR: Permission to wPrestiUCSC/wPrestiUCSC.github.io.git denied to wpresti.
fatal: Could not read from remote repository.

Please make sure you have the correct access rights
and the repository exists.


=======
>>>>>>> 57d47080d402fffd8778e73591632984d6982795
